<?xml version="1.0" encoding="UTF-8"?>
<coverage generated="1565476168737" clover="3.2.0">
  <project timestamp="1565476168737" name="All files">
    <metrics statements="26" coveredstatements="23" conditionals="14" coveredconditionals="12" methods="3" coveredmethods="2" elements="43" coveredelements="37" complexity="0" loc="26" ncloc="26" packages="1" files="1" classes="1"/>
    <file name="app.js" path="C:\Users\Wellington Miarro\Documents\GitHub\LP3_2019_2\Aula01\app.js">
      <metrics statements="26" coveredstatements="23" conditionals="14" coveredconditionals="12" methods="3" coveredmethods="2"/>
      <line num="1" count="1" type="stmt"/>
      <line num="2" count="1" type="stmt"/>
      <line num="6" count="1" type="stmt"/>
      <line num="8" count="0" type="stmt"/>
      <line num="9" count="0" type="stmt"/>
      <line num="10" count="0" type="stmt"/>
      <line num="16" count="1" type="stmt"/>
      <line num="18" count="2" type="stmt"/>
      <line num="21" count="2" type="stmt"/>
      <line num="22" count="2" type="stmt"/>
      <line num="26" count="1" type="stmt"/>
      <line num="27" count="12" type="stmt"/>
      <line num="28" count="12" type="stmt"/>
      <line num="30" count="12" type="stmt"/>
      <line num="32" count="12" type="cond" truecount="2" falsecount="0"/>
      <line num="34" count="108" type="stmt"/>
      <line num="35" count="12" type="stmt"/>
      <line num="37" count="12" type="cond" truecount="3" falsecount="1"/>
      <line num="38" count="12" type="cond" truecount="2" falsecount="0"/>
      <line num="40" count="12" type="stmt"/>
      <line num="41" count="120" type="stmt"/>
      <line num="42" count="12" type="stmt"/>
      <line num="44" count="12" type="cond" truecount="3" falsecount="1"/>
      <line num="45" count="12" type="cond" truecount="2" falsecount="0"/>
      <line num="46" count="11" type="stmt"/>
      <line num="49" count="1" type="stmt"/>
    </file>
  </project>
</coverage>
