{"C:\\Users\\Wellington Miarro\\Documents\\GitHub\\LP3_2019_2\\Aula01\\app.js": {"path":"C:\\Users\\Wellington Miarro\\Documents\\GitHub\\LP3_2019_2\\Aula01\\app.js","statementMap":{"0":{"start":{"line":1,"column":16},"end":{"line":1,"column":34}},"1":{"start":{"line":2,"column":12},"end":{"line":2,"column":21}},"2":{"start":{"line":6,"column":0},"end":{"line":13,"column":4}},"3":{"start":{"line":8,"column":20},"end":{"line":8,"column":30}},"4":{"start":{"line":9,"column":4},"end":{"line":9,"column":47}},"5":{"start":{"line":10,"column":4},"end":{"line":10,"column":24}},"6":{"start":{"line":16,"column":0},"end":{"line":24,"column":3}},"7":{"start":{"line":18,"column":17},"end":{"line":18,"column":34}},"8":{"start":{"line":21,"column":4},"end":{"line":21,"column":49}},"9":{"start":{"line":22,"column":4},"end":{"line":22,"column":36}},"10":{"start":{"line":26,"column":0},"end":{"line":48,"column":3}},"11":{"start":{"line":27,"column":14},"end":{"line":27,"column":28}},"12":{"start":{"line":28,"column":15},"end":{"line":28,"column":16}},"13":{"start":{"line":30,"column":4},"end":{"line":30,"column":13}},"14":{"start":{"line":32,"column":2},"end":{"line":32,"column":54}},"15":{"start":{"line":32,"column":28},"end":{"line":32,"column":54}},"16":{"start":{"line":34,"column":2},"end":{"line":34,"column":80}},"17":{"start":{"line":34,"column":23},"end":{"line":34,"column":80}},"18":{"start":{"line":35,"column":2},"end":{"line":35,"column":27}},"19":{"start":{"line":37,"column":4},"end":{"line":37,"column":51}},"20":{"start":{"line":37,"column":41},"end":{"line":37,"column":51}},"21":{"start":{"line":38,"column":4},"end":{"line":38,"column":76}},"22":{"start":{"line":38,"column":50},"end":{"line":38,"column":76}},"23":{"start":{"line":40,"column":4},"end":{"line":40,"column":13}},"24":{"start":{"line":41,"column":4},"end":{"line":41,"column":87}},"25":{"start":{"line":41,"column":30},"end":{"line":41,"column":87}},"26":{"start":{"line":42,"column":4},"end":{"line":42,"column":29}},"27":{"start":{"line":44,"column":4},"end":{"line":44,"column":51}},"28":{"start":{"line":44,"column":41},"end":{"line":44,"column":51}},"29":{"start":{"line":45,"column":4},"end":{"line":45,"column":78}},"30":{"start":{"line":45,"column":52},"end":{"line":45,"column":78}},"31":{"start":{"line":46,"column":4},"end":{"line":46,"column":29}},"32":{"start":{"line":49,"column":0},"end":{"line":49,"column":20}}},"fnMap":{"0":{"name":"(anonymous_0)","decl":{"start":{"line":6,"column":17},"end":{"line":6,"column":18}},"loc":{"start":{"line":6,"column":31},"end":{"line":13,"column":2}},"line":6},"1":{"name":"(anonymous_1)","decl":{"start":{"line":16,"column":28},"end":{"line":16,"column":29}},"loc":{"start":{"line":16,"column":42},"end":{"line":24,"column":1}},"line":16},"2":{"name":"(anonymous_2)","decl":{"start":{"line":26,"column":21},"end":{"line":26,"column":22}},"loc":{"start":{"line":26,"column":35},"end":{"line":48,"column":1}},"line":26}},"branchMap":{"0":{"loc":{"start":{"line":32,"column":2},"end":{"line":32,"column":54}},"type":"if","locations":[{"start":{"line":32,"column":2},"end":{"line":32,"column":54}},{"start":{"line":32,"column":2},"end":{"line":32,"column":54}}],"line":32},"1":{"loc":{"start":{"line":37,"column":4},"end":{"line":37,"column":51}},"type":"if","locations":[{"start":{"line":37,"column":4},"end":{"line":37,"column":51}},{"start":{"line":37,"column":4},"end":{"line":37,"column":51}}],"line":37},"2":{"loc":{"start":{"line":37,"column":8},"end":{"line":37,"column":38}},"type":"binary-expr","locations":[{"start":{"line":37,"column":9},"end":{"line":37,"column":20}},{"start":{"line":37,"column":26},"end":{"line":37,"column":37}}],"line":37},"3":{"loc":{"start":{"line":38,"column":4},"end":{"line":38,"column":76}},"type":"if","locations":[{"start":{"line":38,"column":4},"end":{"line":38,"column":76}},{"start":{"line":38,"column":4},"end":{"line":38,"column":76}}],"line":38},"4":{"loc":{"start":{"line":44,"column":4},"end":{"line":44,"column":51}},"type":"if","locations":[{"start":{"line":44,"column":4},"end":{"line":44,"column":51}},{"start":{"line":44,"column":4},"end":{"line":44,"column":51}}],"line":44},"5":{"loc":{"start":{"line":44,"column":8},"end":{"line":44,"column":38}},"type":"binary-expr","locations":[{"start":{"line":44,"column":9},"end":{"line":44,"column":20}},{"start":{"line":44,"column":26},"end":{"line":44,"column":37}}],"line":44},"6":{"loc":{"start":{"line":45,"column":4},"end":{"line":45,"column":78}},"type":"if","locations":[{"start":{"line":45,"column":4},"end":{"line":45,"column":78}},{"start":{"line":45,"column":4},"end":{"line":45,"column":78}}],"line":45}},"s":{"0":1,"1":1,"2":1,"3":0,"4":0,"5":0,"6":1,"7":2,"8":2,"9":2,"10":1,"11":12,"12":12,"13":12,"14":12,"15":1,"16":12,"17":108,"18":12,"19":12,"20":0,"21":12,"22":1,"23":12,"24":12,"25":120,"26":12,"27":12,"28":0,"29":12,"30":4,"31":11,"32":1},"f":{"0":0,"1":2,"2":12},"b":{"0":[1,11],"1":[0,12],"2":[12,12],"3":[1,11],"4":[0,12],"5":[12,12],"6":[4,8]},"_coverageSchema":"43e27e138ebf9cfc5966b082cf9a028302ed4184","hash":"bfba850fa31aaa91694619ba7af61589b68076a8"}
}
