TN:
SF:C:\Users\Wellington Miarro\Documents\GitHub\LP3_2019_2\Aula01\app.js
FN:6,(anonymous_0)
FN:16,(anonymous_1)
FN:26,(anonymous_2)
FNF:3
FNH:2
FNDA:0,(anonymous_0)
FNDA:2,(anonymous_1)
FNDA:12,(anonymous_2)
DA:1,1
DA:2,1
DA:6,1
DA:8,0
DA:9,0
DA:10,0
DA:16,1
DA:18,2
DA:21,2
DA:22,2
DA:26,1
DA:27,12
DA:28,12
DA:30,12
DA:32,12
DA:34,108
DA:35,12
DA:37,12
DA:38,12
DA:40,12
DA:41,120
DA:42,12
DA:44,12
DA:45,12
DA:46,11
DA:49,1
LF:26
LH:23
BRDA:32,0,0,1
BRDA:32,0,1,11
BRDA:37,1,0,0
BRDA:37,1,1,12
BRDA:37,2,0,12
BRDA:37,2,1,12
BRDA:38,3,0,1
BRDA:38,3,1,11
BRDA:44,4,0,0
BRDA:44,4,1,12
BRDA:44,5,0,12
BRDA:44,5,1,12
BRDA:45,6,0,4
BRDA:45,6,1,8
BRF:14
BRH:12
end_of_record
